AttendanceApp/app/build/intermediates/manifest_merge_blame_file/debug/manifest-merger-blame-debug-report.txt
1<?xml version="1.0" encoding="utf-8"?>
2<manifest xmlns:android="http://schemas.android.com/apk/res/android"
3    package="com.example.attendanceapplication"
4    android:versionCode="1"
5    android:versionName="1.0" >
6
7    <uses-sdk
8        android:minSdkVersion="24"
9        android:targetSdkVersion="34" />
10
11    <!-- Permissions -->
12    <uses-permission android:name="android.permission.INTERNET" />
12-->src\main\AndroidManifest.xml:6:5-67
12-->src\main\AndroidManifest.xml:6:22-64
13    <uses-permission android:name="android.permission.CAMERA" />
13-->src\main\AndroidManifest.xml:7:5-65
13-->src\main\AndroidManifest.xml:7:22-62
14    <uses-permission android:name="android.permission.ACCESS_FINE_LOCATION" />
14-->src\main\AndroidManifest.xml:8:5-79
14-->src\main\AndroidManifest.xml:8:22-76
15    <uses-permission android:name="android.permission.ACCESS_COARSE_LOCATION" />
15-->src\main\AndroidManifest.xml:9:5-81
15-->src\main\AndroidManifest.xml:9:22-78
16    <uses-permission android:name="android.permission.READ_EXTERNAL_STORAGE" />
16-->src\main\AndroidManifest.xml:10:5-80
16-->src\main\AndroidManifest.xml:10:22-77
17    <uses-permission
17-->src\main\AndroidManifest.xml:11:5-12:38
18        android:name="android.permission.WRITE_EXTERNAL_STORAGE"
18-->src\main\AndroidManifest.xml:11:22-78
19        android:maxSdkVersion="28" />
19-->src\main\AndroidManifest.xml:12:9-35
20    <uses-permission android:name="android.permission.FLASHLIGHT" />
20-->src\main\AndroidManifest.xml:13:5-69
20-->src\main\AndroidManifest.xml:13:22-66
21    <uses-permission android:name="android.permission.VIBRATE" />
21-->src\main\AndroidManifest.xml:14:5-66
21-->src\main\AndroidManifest.xml:14:22-63
22    <uses-permission android:name="android.permission.RECEIVE_BOOT_COMPLETED" />
22-->src\main\AndroidManifest.xml:15:5-81
22-->src\main\AndroidManifest.xml:15:22-78
23
24    <uses-feature
24-->src\main\AndroidManifest.xml:17:5-84
25        android:name="android.hardware.camera"
25-->src\main\AndroidManifest.xml:17:19-57
26        android:required="true" />
26-->src\main\AndroidManifest.xml:17:58-81
27    <uses-feature
27-->src\main\AndroidManifest.xml:18:5-90
28        android:name="android.hardware.location.gps"
28-->src\main\AndroidManifest.xml:18:19-63
29        android:required="true" />
29-->src\main\AndroidManifest.xml:18:64-87
30
31    <uses-permission android:name="android.permission.ACCESS_NETWORK_STATE" />
31-->[com.google.firebase:firebase-auth:22.3.1] AndroidManifest.xml:26:5-79
31-->[com.google.firebase:firebase-auth:22.3.1] AndroidManifest.xml:26:22-76
32    <uses-permission android:name="android.permission.POST_NOTIFICATIONS" />
32-->[com.google.firebase:firebase-messaging:23.4.1] AndroidManifest.xml:23:5-77
32-->[com.google.firebase:firebase-messaging:23.4.1] AndroidManifest.xml:23:22-74
33    <uses-permission android:name="android.permission.WAKE_LOCK" /> <!-- Required by older versions of Google Play services to create IID tokens -->
33-->[com.google.firebase:firebase-messaging:23.4.1] AndroidManifest.xml:24:5-68
33-->[com.google.firebase:firebase-messaging:23.4.1] AndroidManifest.xml:24:22-65
34    <uses-permission android:name="com.google.android.c2dm.permission.RECEIVE" />
34-->[com.google.firebase:firebase-messaging:23.4.1] AndroidManifest.xml:26:5-82
34-->[com.google.firebase:firebase-messaging:23.4.1] AndroidManifest.xml:26:22-79
35    <uses-permission android:name="com.google.android.providers.gsf.permission.READ_GSERVICES" />
35-->[com.google.android.recaptcha:recaptcha:18.4.0] AndroidManifest.xml:9:5-98
35-->[com.google.android.recaptcha:recaptcha:18.4.0] AndroidManifest.xml:9:22-95
36
37    <permission
37-->[androidx.core:core:1.13.0] AndroidManifest.xml:22:5-24:47
38        android:name="com.example.attendanceapplication.DYNAMIC_RECEIVER_NOT_EXPORTED_PERMISSION"
38-->[androidx.core:core:1.13.0] AndroidManifest.xml:23:9-81
39        android:protectionLevel="signature" />
39-->[androidx.core:core:1.13.0] AndroidManifest.xml:24:9-44
40
41    <uses-permission android:name="com.example.attendanceapplication.DYNAMIC_RECEIVER_NOT_EXPORTED_PERMISSION" />
41-->[androidx.core:core:1.13.0] AndroidManifest.xml:26:5-97
41-->[androidx.core:core:1.13.0] AndroidManifest.xml:26:22-94
42
43    <uses-feature
43-->[com.journeyapps:zxing-android-embedded:4.3.0] AndroidManifest.xml:28:5-30:36
44        android:name="android.hardware.camera.front"
44-->[com.journeyapps:zxing-android-embedded:4.3.0] AndroidManifest.xml:29:9-53
45        android:required="false" /> <!-- TODO replace above two with next line after Android 4.2 -->
45-->[com.journeyapps:zxing-android-embedded:4.3.0] AndroidManifest.xml:30:9-33
46    <!-- <uses-feature android:name="android.hardware.camera.any"/> -->
47    <uses-feature
47-->[com.journeyapps:zxing-android-embedded:4.3.0] AndroidManifest.xml:33:5-35:36
48        android:name="android.hardware.camera.autofocus"
48-->[com.journeyapps:zxing-android-embedded:4.3.0] AndroidManifest.xml:34:9-57
49        android:required="false" />
49-->[com.journeyapps:zxing-android-embedded:4.3.0] AndroidManifest.xml:35:9-33
50    <uses-feature
50-->[com.journeyapps:zxing-android-embedded:4.3.0] AndroidManifest.xml:36:5-38:36
51        android:name="android.hardware.camera.flash"
51-->[com.journeyapps:zxing-android-embedded:4.3.0] AndroidManifest.xml:37:9-53
52        android:required="false" />
52-->[com.journeyapps:zxing-android-embedded:4.3.0] AndroidManifest.xml:38:9-33
53    <uses-feature
53-->[com.journeyapps:zxing-android-embedded:4.3.0] AndroidManifest.xml:39:5-41:36
54        android:name="android.hardware.screen.landscape"
54-->[com.journeyapps:zxing-android-embedded:4.3.0] AndroidManifest.xml:40:9-57
55        android:required="false" />
55-->[com.journeyapps:zxing-android-embedded:4.3.0] AndroidManifest.xml:41:9-33
56    <uses-feature
56-->[com.journeyapps:zxing-android-embedded:4.3.0] AndroidManifest.xml:42:5-44:36
57        android:name="android.hardware.wifi"
57-->[com.journeyapps:zxing-android-embedded:4.3.0] AndroidManifest.xml:43:9-45
58        android:required="false" />
58-->[com.journeyapps:zxing-android-embedded:4.3.0] AndroidManifest.xml:44:9-33
59
60    <application
60-->src\main\AndroidManifest.xml:20:5-94:19
61        android:name="com.example.attendanceapplication.AttendanceApplication"
61-->src\main\AndroidManifest.xml:21:9-46
62        android:allowBackup="true"
62-->src\main\AndroidManifest.xml:22:9-35
63        android:appComponentFactory="androidx.core.app.CoreComponentFactory"
63-->[androidx.core:core:1.13.0] AndroidManifest.xml:28:18-86
64        android:debuggable="true"
65        android:extractNativeLibs="false"
66        android:icon="@mipmap/ic_launcher"
66-->src\main\AndroidManifest.xml:23:9-43
67        android:label="@string/app_name"
67-->src\main\AndroidManifest.xml:24:9-41
68        android:roundIcon="@mipmap/ic_launcher_round"
68-->src\main\AndroidManifest.xml:25:9-54
69        android:supportsRtl="true"
69-->src\main\AndroidManifest.xml:26:9-35
70        android:testOnly="true"
71        android:theme="@style/Theme.AttendanceApp"
71-->src\main\AndroidManifest.xml:27:9-51
72        android:usesCleartextTraffic="true" >
72-->src\main\AndroidManifest.xml:28:9-44
73
74        <!-- Splash -->
75        <activity
75-->src\main\AndroidManifest.xml:32:9-40:20
76            android:name="com.example.attendanceapplication.activities.SplashActivity"
76-->src\main\AndroidManifest.xml:33:13-54
77            android:exported="true"
77-->src\main\AndroidManifest.xml:34:13-36
78            android:theme="@style/Theme.AttendanceApp.Splash" >
78-->src\main\AndroidManifest.xml:35:13-62
79            <intent-filter>
79-->src\main\AndroidManifest.xml:36:13-39:29
80                <action android:name="android.intent.action.MAIN" />
80-->src\main\AndroidManifest.xml:37:17-69
80-->src\main\AndroidManifest.xml:37:25-66
81
82                <category android:name="android.intent.category.LAUNCHER" />
82-->src\main\AndroidManifest.xml:38:17-77
82-->src\main\AndroidManifest.xml:38:27-74
83            </intent-filter>
84        </activity>
85
86        <!-- Auth Activities -->
87        <activity
87-->src\main\AndroidManifest.xml:43:9-45:58
88            android:name="com.example.attendanceapplication.activities.LoginActivity"
88-->src\main\AndroidManifest.xml:43:19-59
89            android:exported="false"
89-->src\main\AndroidManifest.xml:44:13-37
90            android:windowSoftInputMode="adjustResize" />
90-->src\main\AndroidManifest.xml:45:13-55
91        <activity
91-->src\main\AndroidManifest.xml:46:9-48:58
92            android:name="com.example.attendanceapplication.activities.RegisterActivity"
92-->src\main\AndroidManifest.xml:46:19-62
93            android:exported="false"
93-->src\main\AndroidManifest.xml:47:13-37
94            android:windowSoftInputMode="adjustResize" />
94-->src\main\AndroidManifest.xml:48:13-55
95
96        <!-- Teacher Activities -->
97        <activity
97-->src\main\AndroidManifest.xml:51:9-52:40
98            android:name="com.example.attendanceapplication.activities.TeacherMainActivity"
98-->src\main\AndroidManifest.xml:51:19-65
99            android:exported="false" />
99-->src\main\AndroidManifest.xml:52:13-37
100        <activity
100-->src\main\AndroidManifest.xml:53:9-55:58
101            android:name="com.example.attendanceapplication.activities.CreateClassActivity"
101-->src\main\AndroidManifest.xml:53:19-65
102            android:exported="false"
102-->src\main\AndroidManifest.xml:54:13-37
103            android:windowSoftInputMode="adjustResize" />
103-->src\main\AndroidManifest.xml:55:13-55
104        <activity
104-->src\main\AndroidManifest.xml:56:9-57:40
105            android:name="com.example.attendanceapplication.activities.ClassDetailTeacherActivity"
105-->src\main\AndroidManifest.xml:56:19-72
106            android:exported="false" />
106-->src\main\AndroidManifest.xml:57:13-37
107        <activity
107-->src\main\AndroidManifest.xml:58:9-59:40
108            android:name="com.example.attendanceapplication.activities.SessionManagementActivity"
108-->src\main\AndroidManifest.xml:58:19-71
109            android:exported="false" />
109-->src\main\AndroidManifest.xml:59:13-37
110        <activity
110-->src\main\AndroidManifest.xml:60:9-61:40
111            android:name="com.example.attendanceapplication.activities.ShiftAttendanceListActivity"
111-->src\main\AndroidManifest.xml:60:19-73
112            android:exported="false" />
112-->src\main\AndroidManifest.xml:61:13-37
113        <activity
113-->src\main\AndroidManifest.xml:62:9-64:58
114            android:name="com.example.attendanceapplication.activities.CreateSessionActivity"
114-->src\main\AndroidManifest.xml:62:19-67
115            android:exported="false"
115-->src\main\AndroidManifest.xml:63:13-37
116            android:windowSoftInputMode="adjustResize" />
116-->src\main\AndroidManifest.xml:64:13-55
117
118        <!-- Student Activities -->
119        <activity
119-->src\main\AndroidManifest.xml:67:9-68:40
120            android:name="com.example.attendanceapplication.activities.StudentMainActivity"
120-->src\main\AndroidManifest.xml:67:19-65
121            android:exported="false" />
121-->src\main\AndroidManifest.xml:68:13-37
122        <activity
122-->src\main\AndroidManifest.xml:69:9-70:40
123            android:name="com.example.attendanceapplication.activities.JoinClassActivity"
123-->src\main\AndroidManifest.xml:69:19-63
124            android:exported="false" />
124-->src\main\AndroidManifest.xml:70:13-37
125        <activity
125-->src\main\AndroidManifest.xml:71:9-72:40
126            android:name="com.example.attendanceapplication.activities.ScanAttendanceActivity"
126-->src\main\AndroidManifest.xml:71:19-68
127            android:exported="false" />
127-->src\main\AndroidManifest.xml:72:13-37
128        <activity
128-->src\main\AndroidManifest.xml:73:9-74:40
129            android:name="com.example.attendanceapplication.activities.AttendanceResultActivity"
129-->src\main\AndroidManifest.xml:73:19-70
130            android:exported="false" />
130-->src\main\AndroidManifest.xml:74:13-37
131        <activity
131-->src\main\AndroidManifest.xml:75:9-76:40
132            android:name="com.example.attendanceapplication.activities.ClassDetailStudentActivity"
132-->src\main\AndroidManifest.xml:75:19-72
133            android:exported="false" />
133-->src\main\AndroidManifest.xml:76:13-37
134        <activity
134-->src\main\AndroidManifest.xml:78:9-79:40
135            android:name="com.example.attendanceapplication.activities.ShiftDetailActivity"
135-->src\main\AndroidManifest.xml:78:19-65
136            android:exported="false" />
136-->src\main\AndroidManifest.xml:79:13-37
137
138        <!-- Shared Activities -->
139        <activity
139-->src\main\AndroidManifest.xml:82:9-83:40
140            android:name="com.example.attendanceapplication.activities.ProfileActivity"
140-->src\main\AndroidManifest.xml:82:19-61
141            android:exported="false" />
141-->src\main\AndroidManifest.xml:83:13-37
142
143        <!-- Firebase Cloud Messaging -->
144        <service
144-->src\main\AndroidManifest.xml:86:9-92:19
145            android:name="com.example.attendanceapplication.utils.FCMService"
145-->src\main\AndroidManifest.xml:87:13-45
146            android:exported="false" >
146-->src\main\AndroidManifest.xml:88:13-37
147            <intent-filter>
147-->src\main\AndroidManifest.xml:89:13-91:29
148                <action android:name="com.google.firebase.MESSAGING_EVENT" />
148-->src\main\AndroidManifest.xml:90:17-78
148-->src\main\AndroidManifest.xml:90:25-75
149            </intent-filter>
150        </service>
151        <service
151-->[com.google.firebase:firebase-appcheck-debug:17.1.2] AndroidManifest.xml:22:9-28:19
152            android:name="com.google.firebase.components.ComponentDiscoveryService"
152-->[com.google.firebase:firebase-appcheck-debug:17.1.2] AndroidManifest.xml:23:13-84
153            android:directBootAware="true"
153-->[com.google.firebase:firebase-common:20.4.3] AndroidManifest.xml:32:13-43
154            android:exported="false" >
154-->[com.google.firebase:firebase-appcheck-debug:17.1.2] AndroidManifest.xml:24:13-37
155            <meta-data
155-->[com.google.firebase:firebase-appcheck-debug:17.1.2] AndroidManifest.xml:25:13-27:85
156                android:name="com.google.firebase.components:com.google.firebase.appcheck.debug.FirebaseAppCheckDebugRegistrar"
156-->[com.google.firebase:firebase-appcheck-debug:17.1.2] AndroidManifest.xml:26:17-128
157                android:value="com.google.firebase.components.ComponentRegistrar" />
157-->[com.google.firebase:firebase-appcheck-debug:17.1.2] AndroidManifest.xml:27:17-82
158            <meta-data
158-->[com.google.firebase:firebase-auth:22.3.1] AndroidManifest.xml:69:13-71:85
159                android:name="com.google.firebase.components:com.google.firebase.auth.FirebaseAuthRegistrar"
159-->[com.google.firebase:firebase-auth:22.3.1] AndroidManifest.xml:70:17-109
160                android:value="com.google.firebase.components.ComponentRegistrar" />
160-->[com.google.firebase:firebase-auth:22.3.1] AndroidManifest.xml:71:17-82
161            <meta-data
161-->[com.google.firebase:firebase-firestore:24.11.0] AndroidManifest.xml:17:13-19:85
162                android:name="com.google.firebase.components:com.google.firebase.firestore.FirebaseFirestoreKtxRegistrar"
162-->[com.google.firebase:firebase-firestore:24.11.0] AndroidManifest.xml:18:17-122
163                android:value="com.google.firebase.components.ComponentRegistrar" />
163-->[com.google.firebase:firebase-firestore:24.11.0] AndroidManifest.xml:19:17-82
164            <meta-data
164-->[com.google.firebase:firebase-firestore:24.11.0] AndroidManifest.xml:20:13-22:85
165                android:name="com.google.firebase.components:com.google.firebase.firestore.FirestoreRegistrar"
165-->[com.google.firebase:firebase-firestore:24.11.0] AndroidManifest.xml:21:17-111
166                android:value="com.google.firebase.components.ComponentRegistrar" />
166-->[com.google.firebase:firebase-firestore:24.11.0] AndroidManifest.xml:22:17-82
167            <meta-data
167-->[com.google.firebase:firebase-appcheck-playintegrity:17.1.2] AndroidManifest.xml:25:13-27:85
168                android:name="com.google.firebase.components:com.google.firebase.appcheck.playintegrity.FirebaseAppCheckPlayIntegrityRegistrar"
168-->[com.google.firebase:firebase-appcheck-playintegrity:17.1.2] AndroidManifest.xml:26:17-144
169                android:value="com.google.firebase.components.ComponentRegistrar" />
169-->[com.google.firebase:firebase-appcheck-playintegrity:17.1.2] AndroidManifest.xml:27:17-82
170            <meta-data
170-->[com.google.firebase:firebase-messaging:23.4.1] AndroidManifest.xml:57:13-59:85
171                android:name="com.google.firebase.components:com.google.firebase.messaging.FirebaseMessagingKtxRegistrar"
171-->[com.google.firebase:firebase-messaging:23.4.1] AndroidManifest.xml:58:17-122
172                android:value="com.google.firebase.components.ComponentRegistrar" />
172-->[com.google.firebase:firebase-messaging:23.4.1] AndroidManifest.xml:59:17-82
173            <meta-data
173-->[com.google.firebase:firebase-messaging:23.4.1] AndroidManifest.xml:60:13-62:85
174                android:name="com.google.firebase.components:com.google.firebase.messaging.FirebaseMessagingRegistrar"
174-->[com.google.firebase:firebase-messaging:23.4.1] AndroidManifest.xml:61:17-119
175                android:value="com.google.firebase.components.ComponentRegistrar" />
175-->[com.google.firebase:firebase-messaging:23.4.1] AndroidManifest.xml:62:17-82
176            <meta-data
176-->[com.google.firebase:firebase-storage:20.3.0] AndroidManifest.xml:30:13-32:85
177                android:name="com.google.firebase.components:com.google.firebase.storage.FirebaseStorageKtxRegistrar"
177-->[com.google.firebase:firebase-storage:20.3.0] AndroidManifest.xml:31:17-118
178                android:value="com.google.firebase.components.ComponentRegistrar" />
178-->[com.google.firebase:firebase-storage:20.3.0] AndroidManifest.xml:32:17-82
179            <meta-data
179-->[com.google.firebase:firebase-storage:20.3.0] AndroidManifest.xml:33:13-35:85
180                android:name="com.google.firebase.components:com.google.firebase.storage.StorageRegistrar"
180-->[com.google.firebase:firebase-storage:20.3.0] AndroidManifest.xml:34:17-107
181                android:value="com.google.firebase.components.ComponentRegistrar" />
181-->[com.google.firebase:firebase-storage:20.3.0] AndroidManifest.xml:35:17-82
182            <meta-data
182-->[com.google.firebase:firebase-database:20.3.1] AndroidManifest.xml:29:13-31:85
183                android:name="com.google.firebase.components:com.google.firebase.database.FirebaseDatabaseKtxRegistrar"
183-->[com.google.firebase:firebase-database:20.3.1] AndroidManifest.xml:30:17-120
184                android:value="com.google.firebase.components.ComponentRegistrar" />
184-->[com.google.firebase:firebase-database:20.3.1] AndroidManifest.xml:31:17-82
185            <meta-data
185-->[com.google.firebase:firebase-database:20.3.1] AndroidManifest.xml:32:13-34:85
186                android:name="com.google.firebase.components:com.google.firebase.database.DatabaseRegistrar"
186-->[com.google.firebase:firebase-database:20.3.1] AndroidManifest.xml:33:17-109
187                android:value="com.google.firebase.components.ComponentRegistrar" />
187-->[com.google.firebase:firebase-database:20.3.1] AndroidManifest.xml:34:17-82
188            <meta-data
188-->[com.google.firebase:firebase-appcheck:17.1.2] AndroidManifest.xml:25:13-27:85
189                android:name="com.google.firebase.components:com.google.firebase.appcheck.FirebaseAppCheckKtxRegistrar"
189-->[com.google.firebase:firebase-appcheck:17.1.2] AndroidManifest.xml:26:17-120
190                android:value="com.google.firebase.components.ComponentRegistrar" />
190-->[com.google.firebase:firebase-appcheck:17.1.2] AndroidManifest.xml:27:17-82
191            <meta-data
191-->[com.google.firebase:firebase-appcheck:17.1.2] AndroidManifest.xml:28:13-30:85
192                android:name="com.google.firebase.components:com.google.firebase.appcheck.FirebaseAppCheckRegistrar"
192-->[com.google.firebase:firebase-appcheck:17.1.2] AndroidManifest.xml:29:17-117
193                android:value="com.google.firebase.components.ComponentRegistrar" />
193-->[com.google.firebase:firebase-appcheck:17.1.2] AndroidManifest.xml:30:17-82
194            <meta-data
194-->[com.google.firebase:firebase-installations:17.2.0] AndroidManifest.xml:15:13-17:85
195                android:name="com.google.firebase.components:com.google.firebase.installations.FirebaseInstallationsKtxRegistrar"
195-->[com.google.firebase:firebase-installations:17.2.0] AndroidManifest.xml:16:17-130
196                android:value="com.google.firebase.components.ComponentRegistrar" />
196-->[com.google.firebase:firebase-installations:17.2.0] AndroidManifest.xml:17:17-82
197            <meta-data
197-->[com.google.firebase:firebase-installations:17.2.0] AndroidManifest.xml:18:13-20:85
198                android:name="com.google.firebase.components:com.google.firebase.installations.FirebaseInstallationsRegistrar"
198-->[com.google.firebase:firebase-installations:17.2.0] AndroidManifest.xml:19:17-127
199                android:value="com.google.firebase.components.ComponentRegistrar" />
199-->[com.google.firebase:firebase-installations:17.2.0] AndroidManifest.xml:20:17-82
200            <meta-data
200-->[com.google.firebase:firebase-common-ktx:20.4.3] AndroidManifest.xml:12:13-14:85
201                android:name="com.google.firebase.components:com.google.firebase.ktx.FirebaseCommonLegacyRegistrar"
201-->[com.google.firebase:firebase-common-ktx:20.4.3] AndroidManifest.xml:13:17-116
202                android:value="com.google.firebase.components.ComponentRegistrar" />
202-->[com.google.firebase:firebase-common-ktx:20.4.3] AndroidManifest.xml:14:17-82
203            <meta-data
203-->[com.google.firebase:firebase-common:20.4.3] AndroidManifest.xml:35:13-37:85
204                android:name="com.google.firebase.components:com.google.firebase.FirebaseCommonKtxRegistrar"
204-->[com.google.firebase:firebase-common:20.4.3] AndroidManifest.xml:36:17-109
205                android:value="com.google.firebase.components.ComponentRegistrar" />
205-->[com.google.firebase:firebase-common:20.4.3] AndroidManifest.xml:37:17-82
206            <meta-data
206-->[com.google.firebase:firebase-datatransport:18.1.7] AndroidManifest.xml:27:13-29:85
207                android:name="com.google.firebase.components:com.google.firebase.datatransport.TransportRegistrar"
207-->[com.google.firebase:firebase-datatransport:18.1.7] AndroidManifest.xml:28:17-115
208                android:value="com.google.firebase.components.ComponentRegistrar" />
208-->[com.google.firebase:firebase-datatransport:18.1.7] AndroidManifest.xml:29:17-82
209        </service>
210        <!--
211        Service for holding metadata. Cannot be instantiated.
212        Metadata will be merged from other manifests.
213        -->
214        <service
214-->[androidx.camera:camera-core:1.3.3] AndroidManifest.xml:29:9-33:78
215            android:name="androidx.camera.core.impl.MetadataHolderService"
215-->[androidx.camera:camera-core:1.3.3] AndroidManifest.xml:30:13-75
216            android:enabled="false"
216-->[androidx.camera:camera-core:1.3.3] AndroidManifest.xml:31:13-36
217            android:exported="false" >
217-->[androidx.camera:camera-core:1.3.3] AndroidManifest.xml:32:13-37
218            <meta-data
218-->[androidx.camera:camera-camera2:1.3.3] AndroidManifest.xml:30:13-32:89
219                android:name="androidx.camera.core.impl.MetadataHolderService.DEFAULT_CONFIG_PROVIDER"
219-->[androidx.camera:camera-camera2:1.3.3] AndroidManifest.xml:31:17-103
220                android:value="androidx.camera.camera2.Camera2Config$DefaultProvider" />
220-->[androidx.camera:camera-camera2:1.3.3] AndroidManifest.xml:32:17-86
221        </service>
222
223        <provider
223-->[com.github.prolificinteractive:material-calendarview:2.0.1] AndroidManifest.xml:12:9-16:40
224            android:name="com.prolificinteractive.materialcalendarview.MaterialCalendarViewInitProvider"
224-->[com.github.prolificinteractive:material-calendarview:2.0.1] AndroidManifest.xml:13:13-105
225            android:authorities="com.example.attendanceapplication.materialcalendarviewinitprovider"
225-->[com.github.prolificinteractive:material-calendarview:2.0.1] AndroidManifest.xml:14:13-84
226            android:enabled="true"
226-->[com.github.prolificinteractive:material-calendarview:2.0.1] AndroidManifest.xml:15:13-35
227            android:exported="false" />
227-->[com.github.prolificinteractive:material-calendarview:2.0.1] AndroidManifest.xml:16:13-37
228
229        <service
229-->[com.google.android.gms:play-services-mlkit-face-detection:17.1.0] AndroidManifest.xml:9:9-15:19
230            android:name="com.google.mlkit.common.internal.MlKitComponentDiscoveryService"
230-->[com.google.android.gms:play-services-mlkit-face-detection:17.1.0] AndroidManifest.xml:10:13-91
231            android:directBootAware="true"
231-->[com.google.mlkit:common:18.10.0] AndroidManifest.xml:17:13-43
232            android:exported="false" >
232-->[com.google.android.gms:play-services-mlkit-face-detection:17.1.0] AndroidManifest.xml:11:13-37
233            <meta-data
233-->[com.google.android.gms:play-services-mlkit-face-detection:17.1.0] AndroidManifest.xml:12:13-14:85
234                android:name="com.google.firebase.components:com.google.mlkit.vision.face.internal.FaceRegistrar"
234-->[com.google.android.gms:play-services-mlkit-face-detection:17.1.0] AndroidManifest.xml:13:17-114
235                android:value="com.google.firebase.components.ComponentRegistrar" />
235-->[com.google.android.gms:play-services-mlkit-face-detection:17.1.0] AndroidManifest.xml:14:17-82
236            <meta-data
236-->[com.google.mlkit:vision-common:17.2.0] AndroidManifest.xml:12:13-14:85
237                android:name="com.google.firebase.components:com.google.mlkit.vision.common.internal.VisionCommonRegistrar"
237-->[com.google.mlkit:vision-common:17.2.0] AndroidManifest.xml:13:17-124
238                android:value="com.google.firebase.components.ComponentRegistrar" />
238-->[com.google.mlkit:vision-common:17.2.0] AndroidManifest.xml:14:17-82
239            <meta-data
239-->[com.google.mlkit:common:18.10.0] AndroidManifest.xml:20:13-22:85
240                android:name="com.google.firebase.components:com.google.mlkit.common.internal.CommonComponentRegistrar"
240-->[com.google.mlkit:common:18.10.0] AndroidManifest.xml:21:17-120
241                android:value="com.google.firebase.components.ComponentRegistrar" />
241-->[com.google.mlkit:common:18.10.0] AndroidManifest.xml:22:17-82
242        </service>
243
244        <provider
244-->[com.google.mlkit:common:18.10.0] AndroidManifest.xml:9:9-13:38
245            android:name="com.google.mlkit.common.internal.MlKitInitProvider"
245-->[com.google.mlkit:common:18.10.0] AndroidManifest.xml:10:13-78
246            android:authorities="com.example.attendanceapplication.mlkitinitprovider"
246-->[com.google.mlkit:common:18.10.0] AndroidManifest.xml:11:13-69
247            android:exported="false"
247-->[com.google.mlkit:common:18.10.0] AndroidManifest.xml:12:13-37
248            android:initOrder="99" />
248-->[com.google.mlkit:common:18.10.0] AndroidManifest.xml:13:13-35
249
250        <activity
250-->[com.google.firebase:firebase-auth:22.3.1] AndroidManifest.xml:29:9-46:20
251            android:name="com.google.firebase.auth.internal.GenericIdpActivity"
251-->[com.google.firebase:firebase-auth:22.3.1] AndroidManifest.xml:30:13-80
252            android:excludeFromRecents="true"
252-->[com.google.firebase:firebase-auth:22.3.1] AndroidManifest.xml:31:13-46
253            android:exported="true"
253-->[com.google.firebase:firebase-auth:22.3.1] AndroidManifest.xml:32:13-36
254            android:launchMode="singleTask"
254-->[com.google.firebase:firebase-auth:22.3.1] AndroidManifest.xml:33:13-44
255            android:theme="@android:style/Theme.Translucent.NoTitleBar" >
255-->[com.google.firebase:firebase-auth:22.3.1] AndroidManifest.xml:34:13-72
256            <intent-filter>
256-->[com.google.firebase:firebase-auth:22.3.1] AndroidManifest.xml:35:13-45:29
257                <action android:name="android.intent.action.VIEW" />
257-->[com.google.firebase:firebase-auth:22.3.1] AndroidManifest.xml:36:17-69
257-->[com.google.firebase:firebase-auth:22.3.1] AndroidManifest.xml:36:25-66
258
259                <category android:name="android.intent.category.DEFAULT" />
259-->[com.google.firebase:firebase-auth:22.3.1] AndroidManifest.xml:38:17-76
259-->[com.google.firebase:firebase-auth:22.3.1] AndroidManifest.xml:38:27-73
260                <category android:name="android.intent.category.BROWSABLE" />
260-->[com.google.firebase:firebase-auth:22.3.1] AndroidManifest.xml:39:17-78
260-->[com.google.firebase:firebase-auth:22.3.1] AndroidManifest.xml:39:27-75
261
262                <data
262-->[com.google.firebase:firebase-auth:22.3.1] AndroidManifest.xml:41:17-44:51
263                    android:host="firebase.auth"
263-->[com.google.firebase:firebase-auth:22.3.1] AndroidManifest.xml:42:21-49
264                    android:path="/"
264-->[com.google.firebase:firebase-auth:22.3.1] AndroidManifest.xml:43:21-37
265                    android:scheme="genericidp" />
265-->[com.google.firebase:firebase-auth:22.3.1] AndroidManifest.xml:44:21-48
266            </intent-filter>
267        </activity>
268        <activity
268-->[com.google.firebase:firebase-auth:22.3.1] AndroidManifest.xml:47:9-64:20